<?xml version="1.0" encoding="UTF-8"?>
<testng-results ignored="0" total="2" passed="2" failed="0" skipped="0">
  <reporter-output>
  </reporter-output>
  <suite started-at="2021-08-07T21:04:05 CST" name="Account Tests" finished-at="2021-08-07T21:04:19 CST" duration-ms="13620">
    <groups>
    </groups>
    <test started-at="2021-08-07T21:04:05 CST" name="Login Tests" finished-at="2021-08-07T21:04:19 CST" duration-ms="13620">
      <class name="TestAccount">
        <test-method signature="Test_Login_Succesful()[pri:0, instance:TestAccount@9ec531]" started-at="2021-08-07T21:04:05 CST" name="Test_Login_Succesful" finished-at="2021-08-07T21:04:13 CST" duration-ms="7877" status="PASS">
          <reporter-output>
          </reporter-output>
        </test-method> <!-- Test_Login_Succesful -->
        <test-method signature="Test_Login_Unsuccesful()[pri:0, instance:TestAccount@9ec531]" started-at="2021-08-07T21:04:13 CST" name="Test_Login_Unsuccesful" finished-at="2021-08-07T21:04:19 CST" duration-ms="5562" status="PASS">
          <reporter-output>
          </reporter-output>
        </test-method> <!-- Test_Login_Unsuccesful -->
      </class> <!-- TestAccount -->
    </test> <!-- Login Tests -->
  </suite> <!-- Account Tests -->
</testng-results>
